<?xml version="1.0" encoding="UTF-8"?>
<!-- Generated by org.testng.reporters.JUnitXMLReporter -->
<testsuite ignored="6" hostname="DESKTOP-5G75CIH" failures="0" tests="4" name="TestRunner=2" time="78.959" errors="0" timestamp="2023-09-20T09:33:48 IST">
  <testcase classname="com.testUtility.FundTransferutilityTest" name="fundtransfer" time="4.075"/>
  <testcase classname="com.testUtility.OpenAcAndApproveTest" name="openAC" time="0.0">
    <skipped/>
  </testcase> <!-- openAC -->
  <testcase classname="com.testUtility.ApplyingForAc" name="applyingForAc" time="0.0">
    <skipped/>
  </testcase> <!-- applyingForAc -->
  <testcase classname="com.testUtility.CreditCustomerTest" name="creditCustomer" time="0.0">
    <skipped/>
  </testcase> <!-- creditCustomer -->
  <testcase classname="com.genericUtilities.BaseClass" name="@AfterSuite closeDb" time="0.0">
    <ignored/>
  </testcase> <!-- @AfterSuite closeDb -->
  <testcase classname="com.genericUtilities.BaseClass" name="@AfterSuite closeDb" time="0.0">
    <ignored/>
  </testcase> <!-- @AfterSuite closeDb -->
  <testcase classname="com.genericUtilities.BaseClass" name="@AfterSuite closeDb" time="0.0">
    <ignored/>
  </testcase> <!-- @AfterSuite closeDb -->
  <testcase classname="com.genericUtilities.BaseClass" name="@BeforeSuite connectDB" time="0.0">
    <ignored/>
  </testcase> <!-- @BeforeSuite connectDB -->
  <testcase classname="com.genericUtilities.BaseClass" name="@BeforeSuite connectDB" time="0.0">
    <ignored/>
  </testcase> <!-- @BeforeSuite connectDB -->
  <testcase classname="com.genericUtilities.BaseClass" name="@BeforeSuite connectDB" time="0.0">
    <ignored/>
  </testcase> <!-- @BeforeSuite connectDB -->
</testsuite> <!-- TestRunner=2 -->
