<?xml version="1.0" encoding="UTF-8"?>
<!-- Generated by org.testng.reporters.JUnitXMLReporter -->
<testsuite ignored="6" hostname="DESKTOP-5G75CIH" failures="0" tests="4" name="TestRunner1" time="44.067" errors="0" timestamp="2023-09-19T16:29:59 IST">
  <testcase classname="com.testUtility.FundTransferutilityTest" name="fundtransfer" time="4.91"/>
  <testcase classname="com.testUtility.OpenAcAndApproveTest" name="openAC" time="11.741"/>
  <testcase classname="com.testUtility.ApplyingForAc" name="applyingForAc" time="0.622"/>
  <testcase classname="com.testUtility.CreditCustomerTest" name="creditCustomer" time="3.557"/>
  <testcase classname="com.genericUtilities.BaseClass" name="@AfterSuite closeDb" time="0.0">
    <ignored/>
  </testcase> <!-- @AfterSuite closeDb -->
  <testcase classname="com.genericUtilities.BaseClass" name="@AfterSuite closeDb" time="0.0">
    <ignored/>
  </testcase> <!-- @AfterSuite closeDb -->
  <testcase classname="com.genericUtilities.BaseClass" name="@AfterSuite closeDb" time="0.0">
    <ignored/>
  </testcase> <!-- @AfterSuite closeDb -->
  <testcase classname="com.genericUtilities.BaseClass" name="@BeforeSuite connectDB" time="0.0">
    <ignored/>
  </testcase> <!-- @BeforeSuite connectDB -->
  <testcase classname="com.genericUtilities.BaseClass" name="@BeforeSuite connectDB" time="0.0">
    <ignored/>
  </testcase> <!-- @BeforeSuite connectDB -->
  <testcase classname="com.genericUtilities.BaseClass" name="@BeforeSuite connectDB" time="0.0">
    <ignored/>
  </testcase> <!-- @BeforeSuite connectDB -->
</testsuite> <!-- TestRunner1 -->
