<?xml version="1.0" encoding="UTF-8"?>
<!-- Generated by org.testng.reporters.JUnitXMLReporter -->
<testsuite ignored="2" hostname="DESKTOP-5G75CIH" failures="0" tests="2" name="TestRunner2" time="21.971" errors="0" timestamp="2023-09-19T16:29:37 IST">
  <testcase classname="com.testUtility.ApplyingForAc" name="applyingForAc" time="0.446"/>
  <testcase classname="com.testUtility.CreditCustomerTest" name="creditCustomer" time="6.981"/>
  <testcase classname="com.genericUtilities.BaseClass" name="@BeforeSuite connectDB" time="0.0">
    <ignored/>
  </testcase> <!-- @BeforeSuite connectDB -->
  <testcase classname="com.genericUtilities.BaseClass" name="@AfterSuite closeDb" time="0.0">
    <ignored/>
  </testcase> <!-- @AfterSuite closeDb -->
</testsuite> <!-- TestRunner2 -->
