<?xml version="1.0" encoding="UTF-8"?>
<testng-results ignored="0" total="1" passed="1" failed="0" skipped="0">
  <reporter-output>
  </reporter-output>
  <suite started-at="2023-11-03T17:49:32 IST" name="Default suite" finished-at="2023-11-03T17:49:49 IST" duration-ms="16216">
    <groups>
    </groups>
    <test started-at="2023-11-03T17:49:32 IST" name="Default test" finished-at="2023-11-03T17:49:49 IST" duration-ms="16216">
      <class name="com.Practice.ama">
        <test-method signature="amazon()[pri:0, instance:com.Practice.ama@f09733f]" started-at="2023-11-03T17:49:33 IST" name="amazon" finished-at="2023-11-03T17:49:49 IST" duration-ms="16126" status="PASS">
          <reporter-output>
          </reporter-output>
        </test-method> <!-- amazon -->
      </class> <!-- com.Practice.ama -->
    </test> <!-- Default test -->
  </suite> <!-- Default suite -->
</testng-results>
